Determining if the pthread_create exist failed with the following output:
Change Dir: /home/icebergasv/asv-system/catkin_ws_V2/build/sensor_launch_pkg/CMakeFiles/CMakeTmp

Run Build Command:"/usr/bin/make" "cmTC_f02af/fast"
/usr/bin/make -f CMakeFiles/cmTC_f02af.dir/build.make CMakeFiles/cmTC_f02af.dir/build
make[1]: Entering directory '/home/icebergasv/asv-system/catkin_ws_V2/build/sensor_launch_pkg/CMakeFiles/CMakeTmp'
Building C object CMakeFiles/cmTC_f02af.dir/CheckSymbolExists.c.o
/usr/bin/cc    -o CMakeFiles/cmTC_f02af.dir/CheckSymbolExists.c.o   -c /home/icebergasv/asv-system/catkin_ws_V2/build/sensor_launch_pkg/CMakeFiles/CMakeTmp/CheckSymbolExists.c
Linking C executable cmTC_f02af
/usr/bin/cmake -E cmake_link_script CMakeFiles/cmTC_f02af.dir/link.txt --verbose=1
/usr/bin/cc      -rdynamic CMakeFiles/cmTC_f02af.dir/CheckSymbolExists.c.o  -o cmTC_f02af 
CMakeFiles/cmTC_f02af.dir/CheckSymbolExists.c.o: In function `main':
CheckSymbolExists.c:(.text+0x14): undefined reference to `pthread_create'
CheckSymbolExists.c:(.text+0x18): undefined reference to `pthread_create'
collect2: error: ld returned 1 exit status
CMakeFiles/cmTC_f02af.dir/build.make:97: recipe for target 'cmTC_f02af' failed
make[1]: *** [cmTC_f02af] Error 1
make[1]: Leaving directory '/home/icebergasv/asv-system/catkin_ws_V2/build/sensor_launch_pkg/CMakeFiles/CMakeTmp'
Makefile:126: recipe for target 'cmTC_f02af/fast' failed
make: *** [cmTC_f02af/fast] Error 2

File /home/icebergasv/asv-system/catkin_ws_V2/build/sensor_launch_pkg/CMakeFiles/CMakeTmp/CheckSymbolExists.c:
/* */
#include <pthread.h>

int main(int argc, char** argv)
{
  (void)argv;
#ifndef pthread_create
  return ((int*)(&pthread_create))[argc];
#else
  (void)argc;
  return 0;
#endif
}

Determining if the function pthread_create exists in the pthreads failed with the following output:
Change Dir: /home/icebergasv/asv-system/catkin_ws_V2/build/sensor_launch_pkg/CMakeFiles/CMakeTmp

Run Build Command:"/usr/bin/make" "cmTC_15bfd/fast"
/usr/bin/make -f CMakeFiles/cmTC_15bfd.dir/build.make CMakeFiles/cmTC_15bfd.dir/build
make[1]: Entering directory '/home/icebergasv/asv-system/catkin_ws_V2/build/sensor_launch_pkg/CMakeFiles/CMakeTmp'
Building C object CMakeFiles/cmTC_15bfd.dir/CheckFunctionExists.c.o
/usr/bin/cc   -DCHECK_FUNCTION_EXISTS=pthread_create   -o CMakeFiles/cmTC_15bfd.dir/CheckFunctionExists.c.o   -c /usr/share/cmake-3.10/Modules/CheckFunctionExists.c
Linking C executable cmTC_15bfd
/usr/bin/cmake -E cmake_link_script CMakeFiles/cmTC_15bfd.dir/link.txt --verbose=1
/usr/bin/cc  -DCHECK_FUNCTION_EXISTS=pthread_create    -rdynamic CMakeFiles/cmTC_15bfd.dir/CheckFunctionExists.c.o  -o cmTC_15bfd -lpthreads 
/usr/bin/ld: cannot find -lpthreads
collect2: error: ld returned 1 exit status
CMakeFiles/cmTC_15bfd.dir/build.make:97: recipe for target 'cmTC_15bfd' failed
make[1]: *** [cmTC_15bfd] Error 1
make[1]: Leaving directory '/home/icebergasv/asv-system/catkin_ws_V2/build/sensor_launch_pkg/CMakeFiles/CMakeTmp'
Makefile:126: recipe for target 'cmTC_15bfd/fast' failed
make: *** [cmTC_15bfd/fast] Error 2


