[  0%] Built target uuid_msgs_generate_messages_lisp
[  0%] Built target geographic_msgs_generate_messages_py
[  0%] Built target _navigation_generate_messages_check_deps_yolo
[  0%] Built target _navigation_generate_messages_check_deps_PropInProgress
[  0%] Built target mavros_msgs_generate_messages_py
[  0%] Built target std_msgs_generate_messages_py
[  0%] Built target sensor_msgs_generate_messages_py
[  0%] Built target _navigation_generate_messages_check_deps_Prop
[  0%] Built target _navigation_generate_messages_check_deps_GeoPointRange
[  0%] Built target _navigation_generate_messages_check_deps_SimpleGPS
[  0%] Built target _navigation_generate_messages_check_deps_Compass
[  0%] Built target _navigation_generate_messages_check_deps_PropArray
[  0%] Built target geometry_msgs_generate_messages_py
[  0%] Built target geographic_msgs_generate_messages_eus
[  0%] Built target sensor_msgs_generate_messages_eus
[  0%] Built target mavros_msgs_generate_messages_eus
[  0%] Built target geometry_msgs_generate_messages_eus
[  0%] Built target std_msgs_generate_messages_eus
[  0%] Built target mavros_msgs_generate_messages_nodejs
[  0%] Built target mavros_msgs_generate_messages_cpp
[  0%] Built target rosgraph_msgs_generate_messages_lisp
[  0%] Built target rosgraph_msgs_generate_messages_py
[  0%] Built target rosgraph_msgs_generate_messages_eus
[  0%] Built target rosgraph_msgs_generate_messages_cpp
[  0%] Built target rosgraph_msgs_generate_messages_nodejs
[  0%] Built target geographic_msgs_generate_messages_lisp
[  0%] Built target roscpp_generate_messages_py
[  0%] Built target roscpp_generate_messages_nodejs
[  0%] Built target roscpp_generate_messages_eus
[  0%] Built target roscpp_generate_messages_lisp
[  0%] Built target sensor_msgs_generate_messages_nodejs
[  0%] Built target roscpp_generate_messages_cpp
[  0%] Built target std_msgs_generate_messages_cpp
[  0%] Built target sensor_msgs_generate_messages_lisp
[  0%] Built target std_msgs_generate_messages_lisp
[  0%] Built target uuid_msgs_generate_messages_nodejs
[  0%] Built target sensor_msgs_generate_messages_cpp
[  0%] Built target std_msgs_generate_messages_nodejs
[  0%] Built target uuid_msgs_generate_messages_cpp
[  0%] Built target geometry_msgs_generate_messages_cpp
[  0%] Built target geometry_msgs_generate_messages_lisp
[  0%] Built target mavros_msgs_generate_messages_lisp
[  0%] Built target geographic_msgs_generate_messages_cpp
[  0%] Built target geographic_msgs_generate_messages_nodejs
[  0%] Built target uuid_msgs_generate_messages_eus
[  0%] Built target geometry_msgs_generate_messages_nodejs
[  0%] Built target uuid_msgs_generate_messages_py
[ 28%] Built target navigation_generate_messages_py
[ 26%] Built target navigation_generate_messages_cpp
[ 43%] Built target navigation_generate_messages_eus
[ 56%] Built target navigation_generate_messages_lisp
[ 69%] Built target navigation_generate_messages_nodejs
[ 81%] Built target fake_compass_headings_node
[ 81%] Built target fake_robot_coords_node
[ 81%] Built target distance_finder_node
[ 84%] Built target fake_yolo_boxes_node
[ 84%] Built target navigation_generate_messages
[ 88%] Built target prop_mapping_node
[ 92%] Built target angle_finder_node
[ 96%] Built target fake_bbox_angles_node
[100%] Built target coord_finder_node
