Symlinking /home/icebergasv/asv-system/catkin_ws_V2/devel/include/navigation/PropArray.h
Symlinking /home/icebergasv/asv-system/catkin_ws_V2/devel/include/navigation/GeoPointRange.h
Symlinking /home/icebergasv/asv-system/catkin_ws_V2/devel/include/navigation/SimpleGPS.h
Symlinking /home/icebergasv/asv-system/catkin_ws_V2/devel/include/navigation/Prop.h
Symlinking /home/icebergasv/asv-system/catkin_ws_V2/devel/include/navigation/Compass.h
Symlinking /home/icebergasv/asv-system/catkin_ws_V2/devel/include/navigation/PropInProgress.h
Symlinking /home/icebergasv/asv-system/catkin_ws_V2/devel/include/navigation/yolo.h
Symlinking /home/icebergasv/asv-system/catkin_ws_V2/devel/share/gennodejs/ros/navigation/_index.js
Symlinking /home/icebergasv/asv-system/catkin_ws_V2/devel/share/gennodejs/ros/navigation/msg/SimpleGPS.js
Symlinking /home/icebergasv/asv-system/catkin_ws_V2/devel/share/gennodejs/ros/navigation/msg/_index.js
Symlinking /home/icebergasv/asv-system/catkin_ws_V2/devel/share/gennodejs/ros/navigation/msg/yolo.js
Symlinking /home/icebergasv/asv-system/catkin_ws_V2/devel/share/gennodejs/ros/navigation/msg/Compass.js
Symlinking /home/icebergasv/asv-system/catkin_ws_V2/devel/share/gennodejs/ros/navigation/msg/PropArray.js
Symlinking /home/icebergasv/asv-system/catkin_ws_V2/devel/share/gennodejs/ros/navigation/msg/PropInProgress.js
Symlinking /home/icebergasv/asv-system/catkin_ws_V2/devel/share/gennodejs/ros/navigation/msg/GeoPointRange.js
Symlinking /home/icebergasv/asv-system/catkin_ws_V2/devel/share/gennodejs/ros/navigation/msg/Prop.js
Symlinking /home/icebergasv/asv-system/catkin_ws_V2/devel/share/common-lisp/ros/navigation/msg/_package_SimpleGPS.lisp
Symlinking /home/icebergasv/asv-system/catkin_ws_V2/devel/share/common-lisp/ros/navigation/msg/_package_Compass.lisp
Symlinking /home/icebergasv/asv-system/catkin_ws_V2/devel/share/common-lisp/ros/navigation/msg/_package.lisp
Symlinking /home/icebergasv/asv-system/catkin_ws_V2/devel/share/common-lisp/ros/navigation/msg/Prop.lisp
Symlinking /home/icebergasv/asv-system/catkin_ws_V2/devel/share/common-lisp/ros/navigation/msg/_package_PropInProgress.lisp
Symlinking /home/icebergasv/asv-system/catkin_ws_V2/devel/share/common-lisp/ros/navigation/msg/_package_PropArray.lisp
Symlinking /home/icebergasv/asv-system/catkin_ws_V2/devel/share/common-lisp/ros/navigation/msg/PropArray.lisp
Symlinking /home/icebergasv/asv-system/catkin_ws_V2/devel/share/common-lisp/ros/navigation/msg/_package_Prop.lisp
Symlinking /home/icebergasv/asv-system/catkin_ws_V2/devel/share/common-lisp/ros/navigation/msg/_package_GeoPointRange.lisp
Symlinking /home/icebergasv/asv-system/catkin_ws_V2/devel/share/common-lisp/ros/navigation/msg/GeoPointRange.lisp
Symlinking /home/icebergasv/asv-system/catkin_ws_V2/devel/share/common-lisp/ros/navigation/msg/Compass.lisp
Symlinking /home/icebergasv/asv-system/catkin_ws_V2/devel/share/common-lisp/ros/navigation/msg/PropInProgress.lisp
Symlinking /home/icebergasv/asv-system/catkin_ws_V2/devel/share/common-lisp/ros/navigation/msg/SimpleGPS.lisp
Symlinking /home/icebergasv/asv-system/catkin_ws_V2/devel/share/common-lisp/ros/navigation/msg/yolo.lisp
Symlinking /home/icebergasv/asv-system/catkin_ws_V2/devel/share/common-lisp/ros/navigation/msg/_package_yolo.lisp
Symlinking /home/icebergasv/asv-system/catkin_ws_V2/devel/share/common-lisp/ros/navigation/msg/navigation-msg.asd
Symlinking /home/icebergasv/asv-system/catkin_ws_V2/devel/share/navigation/cmake/navigation-msg-paths.cmake
Symlinking /home/icebergasv/asv-system/catkin_ws_V2/devel/share/navigation/cmake/navigationConfig.cmake
Symlinking /home/icebergasv/asv-system/catkin_ws_V2/devel/share/navigation/cmake/navigationConfig-version.cmake
Symlinking /home/icebergasv/asv-system/catkin_ws_V2/devel/share/navigation/cmake/navigation-msg-extras.cmake
Symlinking /home/icebergasv/asv-system/catkin_ws_V2/devel/share/roseus/ros/navigation/manifest.l
Symlinking /home/icebergasv/asv-system/catkin_ws_V2/devel/share/roseus/ros/navigation/msg/PropArray.l
Symlinking /home/icebergasv/asv-system/catkin_ws_V2/devel/share/roseus/ros/navigation/msg/Prop.l
Symlinking /home/icebergasv/asv-system/catkin_ws_V2/devel/share/roseus/ros/navigation/msg/SimpleGPS.l
Symlinking /home/icebergasv/asv-system/catkin_ws_V2/devel/share/roseus/ros/navigation/msg/GeoPointRange.l
Symlinking /home/icebergasv/asv-system/catkin_ws_V2/devel/share/roseus/ros/navigation/msg/yolo.l
Symlinking /home/icebergasv/asv-system/catkin_ws_V2/devel/share/roseus/ros/navigation/msg/Compass.l
Symlinking /home/icebergasv/asv-system/catkin_ws_V2/devel/share/roseus/ros/navigation/msg/PropInProgress.l
Symlinking /home/icebergasv/asv-system/catkin_ws_V2/devel/lib/navigation/fake_compass_headings_node
Symlinking /home/icebergasv/asv-system/catkin_ws_V2/devel/lib/navigation/angle_finder_node
Symlinking /home/icebergasv/asv-system/catkin_ws_V2/devel/lib/navigation/fake_yolo_boxes_node
Symlinking /home/icebergasv/asv-system/catkin_ws_V2/devel/lib/navigation/coord_finder_node
Symlinking /home/icebergasv/asv-system/catkin_ws_V2/devel/lib/navigation/fake_bbox_angles_node
Symlinking /home/icebergasv/asv-system/catkin_ws_V2/devel/lib/navigation/distance_finder_node
Symlinking /home/icebergasv/asv-system/catkin_ws_V2/devel/lib/navigation/prop_mapping_node
Symlinking /home/icebergasv/asv-system/catkin_ws_V2/devel/lib/navigation/fake_robot_coords_node
Symlinking /home/icebergasv/asv-system/catkin_ws_V2/devel/lib/pkgconfig/navigation.pc
Symlinking /home/icebergasv/asv-system/catkin_ws_V2/devel/lib/python2.7/dist-packages/navigation/__init__.py
Symlinking /home/icebergasv/asv-system/catkin_ws_V2/devel/lib/python2.7/dist-packages/navigation/msg/_Prop.py
Symlinking /home/icebergasv/asv-system/catkin_ws_V2/devel/lib/python2.7/dist-packages/navigation/msg/_yolo.py
Symlinking /home/icebergasv/asv-system/catkin_ws_V2/devel/lib/python2.7/dist-packages/navigation/msg/__init__.py
Symlinking /home/icebergasv/asv-system/catkin_ws_V2/devel/lib/python2.7/dist-packages/navigation/msg/_GeoPointRange.py
Symlinking /home/icebergasv/asv-system/catkin_ws_V2/devel/lib/python2.7/dist-packages/navigation/msg/_PropArray.py
Symlinking /home/icebergasv/asv-system/catkin_ws_V2/devel/lib/python2.7/dist-packages/navigation/msg/_Compass.py
Symlinking /home/icebergasv/asv-system/catkin_ws_V2/devel/lib/python2.7/dist-packages/navigation/msg/_SimpleGPS.py
Symlinking /home/icebergasv/asv-system/catkin_ws_V2/devel/lib/python2.7/dist-packages/navigation/msg/_PropInProgress.py
