Linked: (/home/icebergasv/asv-system/catkin_ws_V2/devel/.private/navigation/include/navigation/PropArray.h, /home/icebergasv/asv-system/catkin_ws_V2/devel/include/navigation/PropArray.h)
Linked: (/home/icebergasv/asv-system/catkin_ws_V2/devel/.private/navigation/include/navigation/GeoPointRange.h, /home/icebergasv/asv-system/catkin_ws_V2/devel/include/navigation/GeoPointRange.h)
Linked: (/home/icebergasv/asv-system/catkin_ws_V2/devel/.private/navigation/include/navigation/SimpleGPS.h, /home/icebergasv/asv-system/catkin_ws_V2/devel/include/navigation/SimpleGPS.h)
Linked: (/home/icebergasv/asv-system/catkin_ws_V2/devel/.private/navigation/include/navigation/Prop.h, /home/icebergasv/asv-system/catkin_ws_V2/devel/include/navigation/Prop.h)
Linked: (/home/icebergasv/asv-system/catkin_ws_V2/devel/.private/navigation/include/navigation/Compass.h, /home/icebergasv/asv-system/catkin_ws_V2/devel/include/navigation/Compass.h)
Linked: (/home/icebergasv/asv-system/catkin_ws_V2/devel/.private/navigation/include/navigation/PropInProgress.h, /home/icebergasv/asv-system/catkin_ws_V2/devel/include/navigation/PropInProgress.h)
Linked: (/home/icebergasv/asv-system/catkin_ws_V2/devel/.private/navigation/include/navigation/yolo.h, /home/icebergasv/asv-system/catkin_ws_V2/devel/include/navigation/yolo.h)
Linked: (/home/icebergasv/asv-system/catkin_ws_V2/devel/.private/navigation/share/gennodejs/ros/navigation/_index.js, /home/icebergasv/asv-system/catkin_ws_V2/devel/share/gennodejs/ros/navigation/_index.js)
Linked: (/home/icebergasv/asv-system/catkin_ws_V2/devel/.private/navigation/share/gennodejs/ros/navigation/msg/SimpleGPS.js, /home/icebergasv/asv-system/catkin_ws_V2/devel/share/gennodejs/ros/navigation/msg/SimpleGPS.js)
Linked: (/home/icebergasv/asv-system/catkin_ws_V2/devel/.private/navigation/share/gennodejs/ros/navigation/msg/_index.js, /home/icebergasv/asv-system/catkin_ws_V2/devel/share/gennodejs/ros/navigation/msg/_index.js)
Linked: (/home/icebergasv/asv-system/catkin_ws_V2/devel/.private/navigation/share/gennodejs/ros/navigation/msg/yolo.js, /home/icebergasv/asv-system/catkin_ws_V2/devel/share/gennodejs/ros/navigation/msg/yolo.js)
Linked: (/home/icebergasv/asv-system/catkin_ws_V2/devel/.private/navigation/share/gennodejs/ros/navigation/msg/Compass.js, /home/icebergasv/asv-system/catkin_ws_V2/devel/share/gennodejs/ros/navigation/msg/Compass.js)
Linked: (/home/icebergasv/asv-system/catkin_ws_V2/devel/.private/navigation/share/gennodejs/ros/navigation/msg/PropArray.js, /home/icebergasv/asv-system/catkin_ws_V2/devel/share/gennodejs/ros/navigation/msg/PropArray.js)
Linked: (/home/icebergasv/asv-system/catkin_ws_V2/devel/.private/navigation/share/gennodejs/ros/navigation/msg/PropInProgress.js, /home/icebergasv/asv-system/catkin_ws_V2/devel/share/gennodejs/ros/navigation/msg/PropInProgress.js)
Linked: (/home/icebergasv/asv-system/catkin_ws_V2/devel/.private/navigation/share/gennodejs/ros/navigation/msg/GeoPointRange.js, /home/icebergasv/asv-system/catkin_ws_V2/devel/share/gennodejs/ros/navigation/msg/GeoPointRange.js)
Linked: (/home/icebergasv/asv-system/catkin_ws_V2/devel/.private/navigation/share/gennodejs/ros/navigation/msg/Prop.js, /home/icebergasv/asv-system/catkin_ws_V2/devel/share/gennodejs/ros/navigation/msg/Prop.js)
Linked: (/home/icebergasv/asv-system/catkin_ws_V2/devel/.private/navigation/share/common-lisp/ros/navigation/msg/_package_SimpleGPS.lisp, /home/icebergasv/asv-system/catkin_ws_V2/devel/share/common-lisp/ros/navigation/msg/_package_SimpleGPS.lisp)
Linked: (/home/icebergasv/asv-system/catkin_ws_V2/devel/.private/navigation/share/common-lisp/ros/navigation/msg/_package_Compass.lisp, /home/icebergasv/asv-system/catkin_ws_V2/devel/share/common-lisp/ros/navigation/msg/_package_Compass.lisp)
Linked: (/home/icebergasv/asv-system/catkin_ws_V2/devel/.private/navigation/share/common-lisp/ros/navigation/msg/_package.lisp, /home/icebergasv/asv-system/catkin_ws_V2/devel/share/common-lisp/ros/navigation/msg/_package.lisp)
Linked: (/home/icebergasv/asv-system/catkin_ws_V2/devel/.private/navigation/share/common-lisp/ros/navigation/msg/Prop.lisp, /home/icebergasv/asv-system/catkin_ws_V2/devel/share/common-lisp/ros/navigation/msg/Prop.lisp)
Linked: (/home/icebergasv/asv-system/catkin_ws_V2/devel/.private/navigation/share/common-lisp/ros/navigation/msg/_package_PropInProgress.lisp, /home/icebergasv/asv-system/catkin_ws_V2/devel/share/common-lisp/ros/navigation/msg/_package_PropInProgress.lisp)
Linked: (/home/icebergasv/asv-system/catkin_ws_V2/devel/.private/navigation/share/common-lisp/ros/navigation/msg/_package_PropArray.lisp, /home/icebergasv/asv-system/catkin_ws_V2/devel/share/common-lisp/ros/navigation/msg/_package_PropArray.lisp)
Linked: (/home/icebergasv/asv-system/catkin_ws_V2/devel/.private/navigation/share/common-lisp/ros/navigation/msg/PropArray.lisp, /home/icebergasv/asv-system/catkin_ws_V2/devel/share/common-lisp/ros/navigation/msg/PropArray.lisp)
Linked: (/home/icebergasv/asv-system/catkin_ws_V2/devel/.private/navigation/share/common-lisp/ros/navigation/msg/_package_Prop.lisp, /home/icebergasv/asv-system/catkin_ws_V2/devel/share/common-lisp/ros/navigation/msg/_package_Prop.lisp)
Linked: (/home/icebergasv/asv-system/catkin_ws_V2/devel/.private/navigation/share/common-lisp/ros/navigation/msg/_package_GeoPointRange.lisp, /home/icebergasv/asv-system/catkin_ws_V2/devel/share/common-lisp/ros/navigation/msg/_package_GeoPointRange.lisp)
Linked: (/home/icebergasv/asv-system/catkin_ws_V2/devel/.private/navigation/share/common-lisp/ros/navigation/msg/GeoPointRange.lisp, /home/icebergasv/asv-system/catkin_ws_V2/devel/share/common-lisp/ros/navigation/msg/GeoPointRange.lisp)
Linked: (/home/icebergasv/asv-system/catkin_ws_V2/devel/.private/navigation/share/common-lisp/ros/navigation/msg/Compass.lisp, /home/icebergasv/asv-system/catkin_ws_V2/devel/share/common-lisp/ros/navigation/msg/Compass.lisp)
Linked: (/home/icebergasv/asv-system/catkin_ws_V2/devel/.private/navigation/share/common-lisp/ros/navigation/msg/PropInProgress.lisp, /home/icebergasv/asv-system/catkin_ws_V2/devel/share/common-lisp/ros/navigation/msg/PropInProgress.lisp)
Linked: (/home/icebergasv/asv-system/catkin_ws_V2/devel/.private/navigation/share/common-lisp/ros/navigation/msg/SimpleGPS.lisp, /home/icebergasv/asv-system/catkin_ws_V2/devel/share/common-lisp/ros/navigation/msg/SimpleGPS.lisp)
Linked: (/home/icebergasv/asv-system/catkin_ws_V2/devel/.private/navigation/share/common-lisp/ros/navigation/msg/yolo.lisp, /home/icebergasv/asv-system/catkin_ws_V2/devel/share/common-lisp/ros/navigation/msg/yolo.lisp)
Linked: (/home/icebergasv/asv-system/catkin_ws_V2/devel/.private/navigation/share/common-lisp/ros/navigation/msg/_package_yolo.lisp, /home/icebergasv/asv-system/catkin_ws_V2/devel/share/common-lisp/ros/navigation/msg/_package_yolo.lisp)
Linked: (/home/icebergasv/asv-system/catkin_ws_V2/devel/.private/navigation/share/common-lisp/ros/navigation/msg/navigation-msg.asd, /home/icebergasv/asv-system/catkin_ws_V2/devel/share/common-lisp/ros/navigation/msg/navigation-msg.asd)
Linked: (/home/icebergasv/asv-system/catkin_ws_V2/devel/.private/navigation/share/navigation/cmake/navigation-msg-paths.cmake, /home/icebergasv/asv-system/catkin_ws_V2/devel/share/navigation/cmake/navigation-msg-paths.cmake)
Linked: (/home/icebergasv/asv-system/catkin_ws_V2/devel/.private/navigation/share/navigation/cmake/navigationConfig.cmake, /home/icebergasv/asv-system/catkin_ws_V2/devel/share/navigation/cmake/navigationConfig.cmake)
Linked: (/home/icebergasv/asv-system/catkin_ws_V2/devel/.private/navigation/share/navigation/cmake/navigationConfig-version.cmake, /home/icebergasv/asv-system/catkin_ws_V2/devel/share/navigation/cmake/navigationConfig-version.cmake)
Linked: (/home/icebergasv/asv-system/catkin_ws_V2/devel/.private/navigation/share/navigation/cmake/navigation-msg-extras.cmake, /home/icebergasv/asv-system/catkin_ws_V2/devel/share/navigation/cmake/navigation-msg-extras.cmake)
Linked: (/home/icebergasv/asv-system/catkin_ws_V2/devel/.private/navigation/share/roseus/ros/navigation/manifest.l, /home/icebergasv/asv-system/catkin_ws_V2/devel/share/roseus/ros/navigation/manifest.l)
Linked: (/home/icebergasv/asv-system/catkin_ws_V2/devel/.private/navigation/share/roseus/ros/navigation/msg/PropArray.l, /home/icebergasv/asv-system/catkin_ws_V2/devel/share/roseus/ros/navigation/msg/PropArray.l)
Linked: (/home/icebergasv/asv-system/catkin_ws_V2/devel/.private/navigation/share/roseus/ros/navigation/msg/Prop.l, /home/icebergasv/asv-system/catkin_ws_V2/devel/share/roseus/ros/navigation/msg/Prop.l)
Linked: (/home/icebergasv/asv-system/catkin_ws_V2/devel/.private/navigation/share/roseus/ros/navigation/msg/SimpleGPS.l, /home/icebergasv/asv-system/catkin_ws_V2/devel/share/roseus/ros/navigation/msg/SimpleGPS.l)
Linked: (/home/icebergasv/asv-system/catkin_ws_V2/devel/.private/navigation/share/roseus/ros/navigation/msg/GeoPointRange.l, /home/icebergasv/asv-system/catkin_ws_V2/devel/share/roseus/ros/navigation/msg/GeoPointRange.l)
Linked: (/home/icebergasv/asv-system/catkin_ws_V2/devel/.private/navigation/share/roseus/ros/navigation/msg/yolo.l, /home/icebergasv/asv-system/catkin_ws_V2/devel/share/roseus/ros/navigation/msg/yolo.l)
Linked: (/home/icebergasv/asv-system/catkin_ws_V2/devel/.private/navigation/share/roseus/ros/navigation/msg/Compass.l, /home/icebergasv/asv-system/catkin_ws_V2/devel/share/roseus/ros/navigation/msg/Compass.l)
Linked: (/home/icebergasv/asv-system/catkin_ws_V2/devel/.private/navigation/share/roseus/ros/navigation/msg/PropInProgress.l, /home/icebergasv/asv-system/catkin_ws_V2/devel/share/roseus/ros/navigation/msg/PropInProgress.l)
Linked: (/home/icebergasv/asv-system/catkin_ws_V2/devel/.private/navigation/lib/navigation/fake_compass_headings_node, /home/icebergasv/asv-system/catkin_ws_V2/devel/lib/navigation/fake_compass_headings_node)
Linked: (/home/icebergasv/asv-system/catkin_ws_V2/devel/.private/navigation/lib/navigation/angle_finder_node, /home/icebergasv/asv-system/catkin_ws_V2/devel/lib/navigation/angle_finder_node)
Linked: (/home/icebergasv/asv-system/catkin_ws_V2/devel/.private/navigation/lib/navigation/fake_yolo_boxes_node, /home/icebergasv/asv-system/catkin_ws_V2/devel/lib/navigation/fake_yolo_boxes_node)
Linked: (/home/icebergasv/asv-system/catkin_ws_V2/devel/.private/navigation/lib/navigation/coord_finder_node, /home/icebergasv/asv-system/catkin_ws_V2/devel/lib/navigation/coord_finder_node)
Linked: (/home/icebergasv/asv-system/catkin_ws_V2/devel/.private/navigation/lib/navigation/fake_bbox_angles_node, /home/icebergasv/asv-system/catkin_ws_V2/devel/lib/navigation/fake_bbox_angles_node)
Linked: (/home/icebergasv/asv-system/catkin_ws_V2/devel/.private/navigation/lib/navigation/distance_finder_node, /home/icebergasv/asv-system/catkin_ws_V2/devel/lib/navigation/distance_finder_node)
Linked: (/home/icebergasv/asv-system/catkin_ws_V2/devel/.private/navigation/lib/navigation/prop_mapping_node, /home/icebergasv/asv-system/catkin_ws_V2/devel/lib/navigation/prop_mapping_node)
Linked: (/home/icebergasv/asv-system/catkin_ws_V2/devel/.private/navigation/lib/navigation/fake_robot_coords_node, /home/icebergasv/asv-system/catkin_ws_V2/devel/lib/navigation/fake_robot_coords_node)
Linked: (/home/icebergasv/asv-system/catkin_ws_V2/devel/.private/navigation/lib/pkgconfig/navigation.pc, /home/icebergasv/asv-system/catkin_ws_V2/devel/lib/pkgconfig/navigation.pc)
Linked: (/home/icebergasv/asv-system/catkin_ws_V2/devel/.private/navigation/lib/python2.7/dist-packages/navigation/__init__.py, /home/icebergasv/asv-system/catkin_ws_V2/devel/lib/python2.7/dist-packages/navigation/__init__.py)
Linked: (/home/icebergasv/asv-system/catkin_ws_V2/devel/.private/navigation/lib/python2.7/dist-packages/navigation/msg/_Prop.py, /home/icebergasv/asv-system/catkin_ws_V2/devel/lib/python2.7/dist-packages/navigation/msg/_Prop.py)
Linked: (/home/icebergasv/asv-system/catkin_ws_V2/devel/.private/navigation/lib/python2.7/dist-packages/navigation/msg/_yolo.py, /home/icebergasv/asv-system/catkin_ws_V2/devel/lib/python2.7/dist-packages/navigation/msg/_yolo.py)
Linked: (/home/icebergasv/asv-system/catkin_ws_V2/devel/.private/navigation/lib/python2.7/dist-packages/navigation/msg/__init__.py, /home/icebergasv/asv-system/catkin_ws_V2/devel/lib/python2.7/dist-packages/navigation/msg/__init__.py)
Linked: (/home/icebergasv/asv-system/catkin_ws_V2/devel/.private/navigation/lib/python2.7/dist-packages/navigation/msg/_GeoPointRange.py, /home/icebergasv/asv-system/catkin_ws_V2/devel/lib/python2.7/dist-packages/navigation/msg/_GeoPointRange.py)
Linked: (/home/icebergasv/asv-system/catkin_ws_V2/devel/.private/navigation/lib/python2.7/dist-packages/navigation/msg/_PropArray.py, /home/icebergasv/asv-system/catkin_ws_V2/devel/lib/python2.7/dist-packages/navigation/msg/_PropArray.py)
Linked: (/home/icebergasv/asv-system/catkin_ws_V2/devel/.private/navigation/lib/python2.7/dist-packages/navigation/msg/_Compass.py, /home/icebergasv/asv-system/catkin_ws_V2/devel/lib/python2.7/dist-packages/navigation/msg/_Compass.py)
Linked: (/home/icebergasv/asv-system/catkin_ws_V2/devel/.private/navigation/lib/python2.7/dist-packages/navigation/msg/_SimpleGPS.py, /home/icebergasv/asv-system/catkin_ws_V2/devel/lib/python2.7/dist-packages/navigation/msg/_SimpleGPS.py)
Linked: (/home/icebergasv/asv-system/catkin_ws_V2/devel/.private/navigation/lib/python2.7/dist-packages/navigation/msg/_PropInProgress.py, /home/icebergasv/asv-system/catkin_ws_V2/devel/lib/python2.7/dist-packages/navigation/msg/_PropInProgress.py)
